<?xml version="1.0" encoding="UTF-8"?>
<!-- Generated by org.testng.reporters.JUnitReportReporter -->
<testsuite skipped="0" hostname="DESKTOP-9R0S7G0" name="com.salesforce.test.ContactTest" tests="4" failures="0" timestamp="2022-06-01T18:06:55 IST" time="33.956" errors="0">
  <testcase name="loginTestCase" time="11.392" classname="com.salesforce.test.ContactTest"/>
  <system-out/>
  <testcase name="loginTestCase" time="7.734" classname="com.salesforce.test.ContactTest"/>
  <system-out/>
  <testcase name="loginTestCase" time="7.285" classname="com.salesforce.test.ContactTest"/>
  <system-out/>
  <testcase name="loginTestCase" time="7.545" classname="com.salesforce.test.ContactTest"/>
  <system-out/>
</testsuite> <!-- com.salesforce.test.ContactTest -->
