<?xml version="1.0" encoding="UTF-8"?>
<!-- Generated by org.testng.reporters.JUnitReportReporter -->
<testsuite skipped="0" hostname="DESKTOP-9R0S7G0" name="com.salesforce.test.LoginTest" tests="5" failures="0" timestamp="2022-06-01T17:57:11 IST" time="35.464" errors="0">
  <testcase name="loginTestCase" time="9.340" classname="com.salesforce.test.LoginTest"/>
  <system-out/>
  <testcase name="loginTestCase" time="6.947" classname="com.salesforce.test.LoginTest"/>
  <system-out/>
  <testcase name="loginTestCase" time="5.422" classname="com.salesforce.test.LoginTest"/>
  <system-out/>
  <testcase name="loginTestCase" time="5.195" classname="com.salesforce.test.LoginTest"/>
  <system-out/>
  <testcase name="loginTestCase" time="8.560" classname="com.salesforce.test.LoginTest"/>
  <system-out/>
</testsuite> <!-- com.salesforce.test.LoginTest -->
