<?xml version="1.0" encoding="UTF-8"?>
<!-- Generated by org.testng.reporters.JUnitReportReporter -->
<testsuite skipped="0" hostname="DESKTOP-9R0S7G0" name="com.salesforce.test.TestClass" tests="1" failures="0" timestamp="2022-06-02T18:17:17 IST" time="6.953" errors="0">
  <testcase name="TestCase" time="6.953" classname="com.salesforce.test.TestClass"/>
  <system-out/>
</testsuite> <!-- com.salesforce.test.TestClass -->
